<?xml version="1.0" encoding="UTF-8"?>
<testsuite xmlns:xsi="http://www.w3.org/2001/XMLSchema-instance" xsi:noNamespaceSchemaLocation="https://maven.apache.org/surefire/maven-surefire-plugin/xsd/surefire-test-report-3.0.xsd" version="3.0" name="com.bank.account.integration.AccountApiIntegrationTest" time="0.001" tests="1" errors="0" skipped="1" failures="0">
  <properties>
[...]
</properties>
  <testcase name="createThenGetAccountShouldSucceed" classname="com.bank.account.integration.AccountApiIntegrationTest" time="0.0">
    <skipped message="disabledWithoutDocker is true and Docker is not available"/>
    <system-out><![CDATA[2026-03-01T06:43:14.415-05:00  INFO 60234 --- [account-service] [           main] org.testcontainers.DockerClientFactory   : Testcontainers version: 1.20.2
2026-03-01T06:43:14.815-05:00  INFO 60234 --- [account-service] [           main] o.t.d.DockerClientProviderStrategy       : Loaded org.testcontainers.dockerclient.UnixSocketClientProviderStrategy from ~/.testcontainers.properties, will try it first
2026-03-01T06:43:14.837-05:00  INFO 60234 --- [account-service] [           main] .t.d.DockerMachineClientProviderStrategy : docker-machine executable was not found on PATH ([/Library/Frameworks/Python.framework/Versions/3.12/bin, /opt/homebrew/bin, /opt/homebrew/sbin, /usr/local/bin, /System/Cryptexes/App/usr/bin, /usr/bin, /bin, /usr/sbin, /sbin, /var/run/com.apple.security.cryptexd/codex.system/bootstrap/usr/local/bin, /var/run/com.apple.security.cryptexd/codex.system/bootstrap/usr/bin, /var/run/com.apple.security.cryptexd/codex.system/bootstrap/usr/appleinternal/bin, /opt/pmk/env/global/bin, /Library/Apple/usr/bin, /Library/PostgreSQL/17/bin, /Library/Frameworks/Python.framework/Versions/3.13/bin, /Users/sivaprasad/Library/Android/sdk/tools/bin, /Users/sivaprasad/Library/Android/sdk/tools, /Users/sivaprasad/Library/Android/sdk/platform-tools, /Users/sivaprasad/Downloads/apache-maven-3.9.9/bin, /opt/homebrew/opt/openjdk@21/bin, /Users/sivaprasad/.codex/tmp/arg0/codex-arg0CUpdjy, /opt/homebrew/lib/node_modules/@openai/codex/node_modules/@openai/codex-darwin-arm64/vendor/aarch64-apple-darwin/path, /opt/homebrew/Cellar/kafka/4.0.0/libexec/bin, /Library/Frameworks/Python.framework/Versions/3.12/bin, /Users/arjuncodes/hadoop-3.3.6//sbin, /Users/arjuncodes/hadoop-3.3.6//bin, /Users/sivaprasad/bin, /Users/sivaprasad/.rvm/bin, /Users/arjuncodes/hadoop-3.3.6//sbin, /Users/arjuncodes/hadoop-3.3.6//bin])
2026-03-01T06:43:14.838-05:00 ERROR 60234 --- [account-service] [           main] o.t.d.DockerClientProviderStrategy       : Could not find a valid Docker environment. Please check configuration. Attempted configurations were:
	UnixSocketClientProviderStrategy: failed with exception InvalidConfigurationException (Could not find unix domain socket). Root cause NoSuchFileException (/var/run/docker.sock)
	DockerDesktopClientProviderStrategy: failed with exception NullPointerException (Cannot invoke "java.nio.file.Path.toString()" because the return value of "org.testcontainers.dockerclient.DockerDesktopClientProviderStrategy.getSocketPath()" is null)As no valid configuration was found, execution cannot continue.
See https://java.testcontainers.org/on_failure.html for more details.
]]></system-out>
  </testcase>
</testsuite>